[2025-10-15T19:14:27Z] Started EB User Data
+ SLEEP_TIME=2
+ SLEEP_TIME_MAX=3600
+ true
+ curl https://elasticbeanstalk-platform-assets-ap-south-1.s3.ap-south-1.amazonaws.com/stalks/eb_nodejs22_amazon_linux_2023_1.0.1080.0_20251003150750/lib/UserDataScript.sh
  % Total    % Received % Xferd  Average Speed   Time    Time     Time  Current
                                 Dload  Upload   Total   Spent    Left  Speed
  0     0    0     0    0     0      0      0 --:--:-- --:--:-- --:--:--     0100  4838  100  4838    0     0   122k      0 --:--:-- --:--:-- --:--:--  124k
+ RESULT=0
+ [[ 0 -ne 0 ]]
+ /bin/bash /tmp/ebbootstrap.sh 'https://cloudformation-waitcondition-ap-south-1.s3.ap-south-1.amazonaws.com/arn%3Aaws%3Acloudformation%3Aap-south-1%3A457335974787%3Astack/awseb-e-ummppg42tx-stack/0d0f5740-a9fb-11f0-ae40-0a3abc6390f1/0d117a20-a9fb-11f0-ae40-0a3abc6390f1/AWSEBInstanceLaunchWaitHandle?X-Amz-Algorithm=AWS4-HMAC-SHA256&X-Amz-Date=20251015T191339Z&X-Amz-SignedHeaders=host&X-Amz-Expires=86399&X-Amz-Credential=AKIARN2TU4VHANVLYVMW%2F20251015%2Fap-south-1%2Fs3%2Faws4_request&X-Amz-Signature=3c05c0dd066823df131a2b6bd0968aa70970b7705e190c027ad8cb39f0f3eb60' arn:aws:cloudformation:ap-south-1:457335974787:stack/awseb-e-ummppg42tx-stack/0d0f5740-a9fb-11f0-ae40-0a3abc6390f1 698bf20e-ab2d-4b25-af0e-46fbfc4e8a9c https://elasticbeanstalk-health.ap-south-1.amazonaws.com '' https://elasticbeanstalk-platform-assets-ap-south-1.s3.ap-south-1.amazonaws.com/stalks/eb_nodejs22_amazon_linux_2023_1.0.1080.0_20251003150750 ap-south-1
[2025-10-15T19:14:27.900Z] Started EB Bootstrapping Script.
[2025-10-15T19:14:27.904Z] Received parameters:
 TARBALLS = 
 EB_GEMS = 
 SIGNAL_URL = https://cloudformation-waitcondition-ap-south-1.s3.ap-south-1.amazonaws.com/arn%3Aaws%3Acloudformation%3Aap-south-1%3A457335974787%3Astack/awseb-e-ummppg42tx-stack/0d0f5740-a9fb-11f0-ae40-0a3abc6390f1/0d117a20-a9fb-11f0-ae40-0a3abc6390f1/AWSEBInstanceLaunchWaitHandle?X-Amz-Algorithm=AWS4-HMAC-SHA256&X-Amz-Date=20251015T191339Z&X-Amz-SignedHeaders=host&X-Amz-Expires=86399&X-Amz-Credential=AKIARN2TU4VHANVLYVMW%2F20251015%2Fap-south-1%2Fs3%2Faws4_request&X-Amz-Signature=3c05c0dd066823df131a2b6bd0968aa70970b7705e190c027ad8cb39f0f3eb60
 STACK_ID = arn:aws:cloudformation:ap-south-1:457335974787:stack/awseb-e-ummppg42tx-stack/0d0f5740-a9fb-11f0-ae40-0a3abc6390f1
 REGION = ap-south-1
 GUID = 
 HEALTHD_GROUP_ID = 698bf20e-ab2d-4b25-af0e-46fbfc4e8a9c
 HEALTHD_ENDPOINT = https://elasticbeanstalk-health.ap-south-1.amazonaws.com
 PROXY_SERVER = 
 HEALTHD_PROXY_LOG_LOCATION = 
 PLATFORM_ASSETS_URL = https://elasticbeanstalk-platform-assets-ap-south-1.s3.ap-south-1.amazonaws.com/stalks/eb_nodejs22_amazon_linux_2023_1.0.1080.0_20251003150750
[2025-10-15T19:14:27.911Z] engine url is set to https://elasticbeanstalk-platform-assets-ap-south-1.s3.ap-south-1.amazonaws.com/stalks/eb_nodejs22_amazon_linux_2023_1.0.1080.0_20251003150750/lib/platform-engine.zip
[2025-10-15T19:14:27.914Z] first init of instance.
[2025-10-15T19:14:27.916Z] Started executing cfn_init _OnInstanceBoot.
[2025-10-15T19:14:27.919Z] Running cfn-init ConfigSet: _OnInstanceBoot.
[2025-10-15T19:14:27.921Z] Using stack-id from userdata
[2025-10-15T19:14:28.784Z] Command Returned: 
[2025-10-15T19:14:28.788Z] Completed executing cfn_init.
[2025-10-15T19:14:28.791Z] finished _OnInstanceBoot
[2025-10-15T19:14:28.794Z] installing platform engine
2025-10-15 19:14:29 URL:https://elasticbeanstalk-platform-assets-ap-south-1.s3.ap-south-1.amazonaws.com/stalks/eb_nodejs22_amazon_linux_2023_1.0.1080.0_20251003150750/lib/platform-engine.zip [33662214/33662214] -> "/tmp/platform-engine.zip" [1]
[2025-10-15T19:14:29.965Z] executing platform engine. see /var/log/eb-engine.log.
[2025-10-15T19:14:31.658Z] Successfully bootstrapped instance.
[2025-10-15T19:14:31.665Z] Sending signal 0 to CFN wait condition https://cloudformation-waitcondition-ap-south-1.s3.ap-south-1.amazonaws.com/arn%3Aaws%3Acloudformation%3Aap-south-1%3A457335974787%3Astack/awseb-e-ummppg42tx-stack/0d0f5740-a9fb-11f0-ae40-0a3abc6390f1/0d117a20-a9fb-11f0-ae40-0a3abc6390f1/AWSEBInstanceLaunchWaitHandle?X-Amz-Algorithm=AWS4-HMAC-SHA256&X-Amz-Date=20251015T191339Z&X-Amz-SignedHeaders=host&X-Amz-Expires=86399&X-Amz-Credential=AKIARN2TU4VHANVLYVMW%2F20251015%2Fap-south-1%2Fs3%2Faws4_request&X-Amz-Signature=3c05c0dd066823df131a2b6bd0968aa70970b7705e190c027ad8cb39f0f3eb60
CloudFormation signaled successfully with status SUCCESS
[2025-10-15T19:14:32.090Z] Tailing /var/log/eb-engine.log

******************* eb-engine taillog *******************
2025/10/15 19:14:30.790604 [INFO] bootstrap healthd....
2025/10/15 19:14:30.790620 [INFO] Running command: /usr/bin/id -u healthd || /usr/sbin/useradd --user-group healthd -s /sbin/nologin --create-home
2025/10/15 19:14:30.794231 [INFO] 1001

2025/10/15 19:14:30.794556 [INFO] configure bundle log for healthd...
2025/10/15 19:14:30.794615 [INFO] Executing instruction: GetSetupProxyLog
2025/10/15 19:14:30.794688 [INFO] Skipping Install yum packages
2025/10/15 19:14:30.794692 [INFO] Skipping Install default nodejs
2025/10/15 19:14:30.794696 [INFO] Skipping MarkBaked
2025/10/15 19:14:30.794701 [INFO] Instance has NOT been bootstrapped
2025/10/15 19:14:30.794704 [INFO] Executing instruction: TuneSystemSettings
2025/10/15 19:14:30.794706 [INFO] Starting TuneSystemSettings
2025/10/15 19:14:30.794709 [INFO] Instance has NOT been bootstrapped
2025/10/15 19:14:30.797636 [INFO] Executing instruction: GetSetupLogRotate
2025/10/15 19:14:30.797644 [INFO] Initialize LogRotate files and directories
2025/10/15 19:14:30.812614 [INFO] Instance has NOT been bootstrapped
2025/10/15 19:14:30.812628 [INFO] Executing instruction: BootstrapCFNHup
2025/10/15 19:14:30.812631 [INFO] Bootstrap cfn-hup
2025/10/15 19:14:30.814589 [INFO] Copying file /opt/elasticbeanstalk/config/private/aws-eb-command-handler.conf to /etc/cfn/hooks.d/aws-eb-command-handler.conf
2025/10/15 19:14:30.816492 [INFO] Executing instruction: StartCFNHup
2025/10/15 19:14:30.816502 [INFO] Start cfn-hup
2025/10/15 19:14:30.816519 [INFO] Running command: systemctl show -p PartOf cfn-hup.service
2025/10/15 19:14:30.831065 [INFO] cfn-hup is not registered with EB yet, registering it now
2025/10/15 19:14:30.831094 [INFO] Running command: systemctl show -p PartOf cfn-hup.service
2025/10/15 19:14:30.845568 [INFO] Running command: systemctl daemon-reload
2025/10/15 19:14:31.036832 [INFO] Running command: systemctl reset-failed
2025/10/15 19:14:31.046317 [INFO] Running command: systemctl is-enabled aws-eb.target
2025/10/15 19:14:31.054893 [INFO] Running command: systemctl enable aws-eb.target
2025/10/15 19:14:31.283774 [INFO] Running command: systemctl start aws-eb.target
2025/10/15 19:14:31.293840 [INFO] Running command: systemctl enable cfn-hup.service
2025/10/15 19:14:31.572056 [INFO] Created symlink /etc/systemd/system/multi-user.target.wants/cfn-hup.service → /etc/systemd/system/cfn-hup.service.

2025/10/15 19:14:31.572089 [INFO] Running command: systemctl is-active cfn-hup.service
2025/10/15 19:14:31.580653 [INFO] cfn-hup process is not running, starting it now
2025/10/15 19:14:31.580682 [INFO] Running command: systemctl show -p PartOf cfn-hup.service
2025/10/15 19:14:31.591228 [INFO] Running command: systemctl is-active cfn-hup.service
2025/10/15 19:14:31.599515 [INFO] Running command: systemctl start cfn-hup.service
2025/10/15 19:14:31.652606 [INFO] Instance has NOT been bootstrapped
2025/10/15 19:14:31.652628 [INFO] Executing instruction: SetupPublishLogCronjob
2025/10/15 19:14:31.652634 [INFO] Setup publish logs cron job...
2025/10/15 19:14:31.652641 [INFO] Copying file /opt/elasticbeanstalk/config/private/logtasks/cron/publishlogs to /etc/cron.d/publishlogs
2025/10/15 19:14:31.655669 [INFO] Instance has NOT been bootstrapped
2025/10/15 19:14:31.655694 [INFO] Executing instruction: MarkBootstrapped
2025/10/15 19:14:31.655698 [INFO] Starting MarkBootstrapped
2025/10/15 19:14:31.655704 [INFO] Instance has NOT been bootstrapped
2025/10/15 19:14:31.655798 [INFO] Marked instance as Bootstrapped
2025/10/15 19:14:31.655802 [INFO] Executing instruction: Save CFN Stack Info
2025/10/15 19:14:31.655859 [INFO] Executing cleanup logic
2025/10/15 19:14:31.655870 [INFO] Platform Engine finished execution on command: env-launch
******************* End of taillog *******************


[2025-10-15T19:14:32.093Z] Tailing /var/log/eb-tools.log

******************* eb-tools taillog *******************
***eb-tools is not available yet.***
******************* End of taillog *******************


[2025-10-15T19:14:32.095Z] Tailing /var/log/eb-hooks.log

******************* eb-hooks taillog *******************
***eb-hooks is not available yet.***
******************* End of taillog *******************


[2025-10-15T19:14:32.102Z] Tailing /var/log/cfn-init.log

******************* cfn-init taillog *******************
2025-10-15 19:14:28,523 [INFO] -----------------------Starting build-----------------------
2025-10-15 19:14:28,530 [INFO] Running configSets: _OnInstanceBoot
2025-10-15 19:14:28,533 [INFO] Running configSet _OnInstanceBoot
2025-10-15 19:14:28,535 [INFO] Running config AWSEBBaseConfig
2025-10-15 19:14:28,738 [INFO] Command clearbackupfiles succeeded
2025-10-15 19:14:28,741 [INFO] Running config AWSEBCfnHupEndpointOverride
2025-10-15 19:14:28,747 [INFO] Command clearbackupfiles succeeded
2025-10-15 19:14:28,748 [INFO] ConfigSets completed
2025-10-15 19:14:28,748 [INFO] -----------------------Build complete-----------------------
******************* End of taillog *******************


[2025-10-15T19:14:32.106Z] Tailing /var/log/cfn-hup.log

******************* cfn-hup taillog *******************
2025-10-15 19:14:31,964 [DEBUG] CloudFormation client initialized with endpoint https://cloudformation.ap-south-1.amazonaws.com
2025-10-15 19:14:31,965 [DEBUG] SQS client initialized with endpoint https://sqs.ap-south-1.amazonaws.com
2025-10-15 19:14:31,965 [DEBUG] CloudFormation client initialized with endpoint https://cloudformation.ap-south-1.amazonaws.com
2025-10-15 19:14:31,965 [DEBUG] Enabled single threading mode.
2025-10-15 19:14:31,965 [DEBUG] Creating /var/lib/cfn-hup/data
2025-10-15 19:14:31,976 [INFO] No umask value specified in config file. Using the default one: 0o22
2025-10-15 19:14:32,043 [INFO] Pid: 1788
******************* End of taillog *******************


[2025-10-15T19:14:32.109Z] Completed EB Bootstrapping Script.
+ RESULT=0
+ [[ 0 -ne 0 ]]
+ exit 0
