[2025-10-15T19:37:42Z] Started EB User Data
+ SLEEP_TIME=2
+ SLEEP_TIME_MAX=3600
+ true
+ curl https://elasticbeanstalk-platform-assets-ap-south-1.s3.ap-south-1.amazonaws.com/stalks/eb_nodejs22_amazon_linux_2023_1.0.1080.0_20251003150750/lib/UserDataScript.sh
  % Total    % Received % Xferd  Average Speed   Time    Time     Time  Current
                                 Dload  Upload   Total   Spent    Left  Speed
  0     0    0     0    0     0      0      0 --:--:-- --:--:-- --:--:--     0100  4838  100  4838    0     0   122k      0 --:--:-- --:--:-- --:--:--  124k
+ RESULT=0
+ [[ 0 -ne 0 ]]
+ /bin/bash /tmp/ebbootstrap.sh 'https://cloudformation-waitcondition-ap-south-1.s3.ap-south-1.amazonaws.com/arn%3Aaws%3Acloudformation%3Aap-south-1%3A457335974787%3Astack/awseb-e-8p3wkpumpm-stack/512a0120-a9fe-11f0-8a83-06955ea8fa8f/512bd5e0-a9fe-11f0-8a83-06955ea8fa8f/AWSEBInstanceLaunchWaitHandle?X-Amz-Algorithm=AWS4-HMAC-SHA256&X-Amz-Date=20251015T193702Z&X-Amz-SignedHeaders=host&X-Amz-Expires=86399&X-Amz-Credential=AKIARN2TU4VHANVLYVMW%2F20251015%2Fap-south-1%2Fs3%2Faws4_request&X-Amz-Signature=6907e56e304f2f528cf61ac9491bf22e6f01e4d14b0fb0f5b752f7abd113cd00' arn:aws:cloudformation:ap-south-1:457335974787:stack/awseb-e-8p3wkpumpm-stack/512a0120-a9fe-11f0-8a83-06955ea8fa8f a273af42-5baa-418c-a621-70cebd6b5257 https://elasticbeanstalk-health.ap-south-1.amazonaws.com '' https://elasticbeanstalk-platform-assets-ap-south-1.s3.ap-south-1.amazonaws.com/stalks/eb_nodejs22_amazon_linux_2023_1.0.1080.0_20251003150750 ap-south-1
[2025-10-15T19:37:42.328Z] Started EB Bootstrapping Script.
[2025-10-15T19:37:42.332Z] Received parameters:
 TARBALLS = 
 EB_GEMS = 
 SIGNAL_URL = https://cloudformation-waitcondition-ap-south-1.s3.ap-south-1.amazonaws.com/arn%3Aaws%3Acloudformation%3Aap-south-1%3A457335974787%3Astack/awseb-e-8p3wkpumpm-stack/512a0120-a9fe-11f0-8a83-06955ea8fa8f/512bd5e0-a9fe-11f0-8a83-06955ea8fa8f/AWSEBInstanceLaunchWaitHandle?X-Amz-Algorithm=AWS4-HMAC-SHA256&X-Amz-Date=20251015T193702Z&X-Amz-SignedHeaders=host&X-Amz-Expires=86399&X-Amz-Credential=AKIARN2TU4VHANVLYVMW%2F20251015%2Fap-south-1%2Fs3%2Faws4_request&X-Amz-Signature=6907e56e304f2f528cf61ac9491bf22e6f01e4d14b0fb0f5b752f7abd113cd00
 STACK_ID = arn:aws:cloudformation:ap-south-1:457335974787:stack/awseb-e-8p3wkpumpm-stack/512a0120-a9fe-11f0-8a83-06955ea8fa8f
 REGION = ap-south-1
 GUID = 
 HEALTHD_GROUP_ID = a273af42-5baa-418c-a621-70cebd6b5257
 HEALTHD_ENDPOINT = https://elasticbeanstalk-health.ap-south-1.amazonaws.com
 PROXY_SERVER = 
 HEALTHD_PROXY_LOG_LOCATION = 
 PLATFORM_ASSETS_URL = https://elasticbeanstalk-platform-assets-ap-south-1.s3.ap-south-1.amazonaws.com/stalks/eb_nodejs22_amazon_linux_2023_1.0.1080.0_20251003150750
[2025-10-15T19:37:42.336Z] engine url is set to https://elasticbeanstalk-platform-assets-ap-south-1.s3.ap-south-1.amazonaws.com/stalks/eb_nodejs22_amazon_linux_2023_1.0.1080.0_20251003150750/lib/platform-engine.zip
[2025-10-15T19:37:42.338Z] first init of instance.
[2025-10-15T19:37:42.340Z] Started executing cfn_init _OnInstanceBoot.
[2025-10-15T19:37:42.342Z] Running cfn-init ConfigSet: _OnInstanceBoot.
[2025-10-15T19:37:42.344Z] Using stack-id from userdata
[2025-10-15T19:37:43.170Z] Command Returned: 
[2025-10-15T19:37:43.172Z] Completed executing cfn_init.
[2025-10-15T19:37:43.175Z] finished _OnInstanceBoot
[2025-10-15T19:37:43.178Z] installing platform engine
2025-10-15 19:37:43 URL:https://elasticbeanstalk-platform-assets-ap-south-1.s3.ap-south-1.amazonaws.com/stalks/eb_nodejs22_amazon_linux_2023_1.0.1080.0_20251003150750/lib/platform-engine.zip [33662214/33662214] -> "/tmp/platform-engine.zip" [1]
[2025-10-15T19:37:44.334Z] executing platform engine. see /var/log/eb-engine.log.
[2025-10-15T19:37:45.980Z] Successfully bootstrapped instance.
[2025-10-15T19:37:45.986Z] Sending signal 0 to CFN wait condition https://cloudformation-waitcondition-ap-south-1.s3.ap-south-1.amazonaws.com/arn%3Aaws%3Acloudformation%3Aap-south-1%3A457335974787%3Astack/awseb-e-8p3wkpumpm-stack/512a0120-a9fe-11f0-8a83-06955ea8fa8f/512bd5e0-a9fe-11f0-8a83-06955ea8fa8f/AWSEBInstanceLaunchWaitHandle?X-Amz-Algorithm=AWS4-HMAC-SHA256&X-Amz-Date=20251015T193702Z&X-Amz-SignedHeaders=host&X-Amz-Expires=86399&X-Amz-Credential=AKIARN2TU4VHANVLYVMW%2F20251015%2Fap-south-1%2Fs3%2Faws4_request&X-Amz-Signature=6907e56e304f2f528cf61ac9491bf22e6f01e4d14b0fb0f5b752f7abd113cd00
CloudFormation signaled successfully with status SUCCESS
[2025-10-15T19:37:46.393Z] Tailing /var/log/eb-engine.log

******************* eb-engine taillog *******************
2025/10/15 19:37:45.157069 [INFO] bootstrap healthd....
2025/10/15 19:37:45.157090 [INFO] Running command: /usr/bin/id -u healthd || /usr/sbin/useradd --user-group healthd -s /sbin/nologin --create-home
2025/10/15 19:37:45.160694 [INFO] 1001

2025/10/15 19:37:45.161030 [INFO] configure bundle log for healthd...
2025/10/15 19:37:45.161094 [INFO] Executing instruction: GetSetupProxyLog
2025/10/15 19:37:45.161166 [INFO] Skipping Install yum packages
2025/10/15 19:37:45.161173 [INFO] Skipping Install default nodejs
2025/10/15 19:37:45.161179 [INFO] Skipping MarkBaked
2025/10/15 19:37:45.161185 [INFO] Instance has NOT been bootstrapped
2025/10/15 19:37:45.161189 [INFO] Executing instruction: TuneSystemSettings
2025/10/15 19:37:45.161191 [INFO] Starting TuneSystemSettings
2025/10/15 19:37:45.161194 [INFO] Instance has NOT been bootstrapped
2025/10/15 19:37:45.162885 [INFO] Executing instruction: GetSetupLogRotate
2025/10/15 19:37:45.162892 [INFO] Initialize LogRotate files and directories
2025/10/15 19:37:45.180785 [INFO] Instance has NOT been bootstrapped
2025/10/15 19:37:45.180796 [INFO] Executing instruction: BootstrapCFNHup
2025/10/15 19:37:45.180799 [INFO] Bootstrap cfn-hup
2025/10/15 19:37:45.182969 [INFO] Copying file /opt/elasticbeanstalk/config/private/aws-eb-command-handler.conf to /etc/cfn/hooks.d/aws-eb-command-handler.conf
2025/10/15 19:37:45.185154 [INFO] Executing instruction: StartCFNHup
2025/10/15 19:37:45.185162 [INFO] Start cfn-hup
2025/10/15 19:37:45.185176 [INFO] Running command: systemctl show -p PartOf cfn-hup.service
2025/10/15 19:37:45.198693 [INFO] cfn-hup is not registered with EB yet, registering it now
2025/10/15 19:37:45.198737 [INFO] Running command: systemctl show -p PartOf cfn-hup.service
2025/10/15 19:37:45.212819 [INFO] Running command: systemctl daemon-reload
2025/10/15 19:37:45.397905 [INFO] Running command: systemctl reset-failed
2025/10/15 19:37:45.406886 [INFO] Running command: systemctl is-enabled aws-eb.target
2025/10/15 19:37:45.415334 [INFO] Running command: systemctl enable aws-eb.target
2025/10/15 19:37:45.632551 [INFO] Running command: systemctl start aws-eb.target
2025/10/15 19:37:45.642142 [INFO] Running command: systemctl enable cfn-hup.service
2025/10/15 19:37:45.875743 [INFO] Created symlink /etc/systemd/system/multi-user.target.wants/cfn-hup.service → /etc/systemd/system/cfn-hup.service.

2025/10/15 19:37:45.875776 [INFO] Running command: systemctl is-active cfn-hup.service
2025/10/15 19:37:45.884183 [INFO] cfn-hup process is not running, starting it now
2025/10/15 19:37:45.884208 [INFO] Running command: systemctl show -p PartOf cfn-hup.service
2025/10/15 19:37:45.894868 [INFO] Running command: systemctl is-active cfn-hup.service
2025/10/15 19:37:45.903144 [INFO] Running command: systemctl start cfn-hup.service
2025/10/15 19:37:45.975365 [INFO] Instance has NOT been bootstrapped
2025/10/15 19:37:45.975383 [INFO] Executing instruction: SetupPublishLogCronjob
2025/10/15 19:37:45.975387 [INFO] Setup publish logs cron job...
2025/10/15 19:37:45.975391 [INFO] Copying file /opt/elasticbeanstalk/config/private/logtasks/cron/publishlogs to /etc/cron.d/publishlogs
2025/10/15 19:37:45.978135 [INFO] Instance has NOT been bootstrapped
2025/10/15 19:37:45.978146 [INFO] Executing instruction: MarkBootstrapped
2025/10/15 19:37:45.978150 [INFO] Starting MarkBootstrapped
2025/10/15 19:37:45.978166 [INFO] Instance has NOT been bootstrapped
2025/10/15 19:37:45.978251 [INFO] Marked instance as Bootstrapped
2025/10/15 19:37:45.978255 [INFO] Executing instruction: Save CFN Stack Info
2025/10/15 19:37:45.978311 [INFO] Executing cleanup logic
2025/10/15 19:37:45.978322 [INFO] Platform Engine finished execution on command: env-launch
******************* End of taillog *******************


[2025-10-15T19:37:46.446Z] Tailing /var/log/eb-tools.log

******************* eb-tools taillog *******************
***eb-tools is not available yet.***
******************* End of taillog *******************


[2025-10-15T19:37:46.450Z] Tailing /var/log/eb-hooks.log

******************* eb-hooks taillog *******************
***eb-hooks is not available yet.***
******************* End of taillog *******************


[2025-10-15T19:37:46.463Z] Tailing /var/log/cfn-init.log

******************* cfn-init taillog *******************
2025-10-15 19:37:42,919 [INFO] -----------------------Starting build-----------------------
2025-10-15 19:37:42,925 [INFO] Running configSets: _OnInstanceBoot
2025-10-15 19:37:42,927 [INFO] Running configSet _OnInstanceBoot
2025-10-15 19:37:42,929 [INFO] Running config AWSEBBaseConfig
2025-10-15 19:37:43,127 [INFO] Command clearbackupfiles succeeded
2025-10-15 19:37:43,130 [INFO] Running config AWSEBCfnHupEndpointOverride
2025-10-15 19:37:43,135 [INFO] Command clearbackupfiles succeeded
2025-10-15 19:37:43,136 [INFO] ConfigSets completed
2025-10-15 19:37:43,136 [INFO] -----------------------Build complete-----------------------
******************* End of taillog *******************


[2025-10-15T19:37:46.469Z] Tailing /var/log/cfn-hup.log

******************* cfn-hup taillog *******************
2025-10-15 19:37:46,287 [DEBUG] CloudFormation client initialized with endpoint https://cloudformation.ap-south-1.amazonaws.com
2025-10-15 19:37:46,287 [DEBUG] SQS client initialized with endpoint https://sqs.ap-south-1.amazonaws.com
2025-10-15 19:37:46,287 [DEBUG] CloudFormation client initialized with endpoint https://cloudformation.ap-south-1.amazonaws.com
2025-10-15 19:37:46,288 [DEBUG] Enabled single threading mode.
2025-10-15 19:37:46,288 [DEBUG] Creating /var/lib/cfn-hup/data
2025-10-15 19:37:46,298 [INFO] No umask value specified in config file. Using the default one: 0o22
2025-10-15 19:37:46,357 [INFO] Pid: 1761
******************* End of taillog *******************


[2025-10-15T19:37:46.472Z] Completed EB Bootstrapping Script.
+ RESULT=0
+ [[ 0 -ne 0 ]]
+ exit 0
